============================================================
Model: gemma3
Tokens: 45 in / 235 out
Latency: 5079ms
Cost: $0.000000
------------------------------------------------------------
Okay, here’s a greeting function based on the provided context:

```python
def greeting():
  """
  This function provides a friendly greeting introducing myself and SPL 2.0.
  """
  print("Hello there! I'm your friendly assistant, and I'm here to assist you alongside SPL 2.0.")

# Example usage:
greeting()
```

**Explanation:**

*   **`def greeting():`**: This defines a function named `greeting`.
*   **`"""..."""`**: This is a docstring, which provides a brief description of what the function does. It’s good practice to include docstrings to make your code more understandable.
*   **`print(...)`**: This line prints the greeting message to the console.
*   **`# Example usage:`** and **`greeting()`**:  This shows how to call the function and execute the greeting.

This function directly fulfills the prompt's request to generate a greeting introducing the assistant and SPL 2.0.  It’s a simple, clear, and friendly introduction.

============================================================
